<?xml version="1.0" encoding="UTF-8"?>
<!-- Generated by org.testng.reporters.JUnitReportReporter -->
<testsuite skipped="0" hostname="LAPTOP-O7P10JS3" name="signUp_Page.signUp_Page_TestNG" tests="1" failures="0" timestamp="30 Oct 2021 19:50:39 GMT" time="18.081" errors="0">
  <testcase name="Teststep1" time="18.081" classname="signUp_Page.signUp_Page_TestNG"/>
</testsuite> <!-- signUp_Page.signUp_Page_TestNG -->
