<?xml version="1.0" encoding="UTF-8"?>
<!-- Generated by org.testng.reporters.JUnitReportReporter -->
<testsuite skipped="0" hostname="LAPTOP-O7P10JS3" name="frameworkImplemention.Signin_PageTestwithTestNG" tests="1" failures="0" timestamp="5 Nov 2021 17:19:32 GMT" time="33.220" errors="0">
  <testcase name="Teststep" time="33.220" classname="frameworkImplemention.Signin_PageTestwithTestNG"/>
</testsuite> <!-- frameworkImplemention.Signin_PageTestwithTestNG -->
