<?xml version="1.0" encoding="UTF-8"?>
<!-- Generated by org.testng.reporters.JUnitReportReporter -->
<testsuite skipped="0" hostname="LAPTOP-O7P10JS3" name="frameworkImplemention.SellerAndBuyerwithTestNG" tests="2" failures="0" timestamp="2 Nov 2021 18:17:09 GMT" time="25.071" errors="0">
  <testcase name="Teststep2" time="6.739" classname="frameworkImplemention.SellerAndBuyerwithTestNG"/>
  <testcase name="Teststep1" time="18.332" classname="frameworkImplemention.SellerAndBuyerwithTestNG"/>
</testsuite> <!-- frameworkImplemention.SellerAndBuyerwithTestNG -->
