<?xml version="1.0" encoding="UTF-8"?>
<!-- Generated by org.testng.reporters.JUnitReportReporter -->
<testsuite skipped="0" hostname="LAPTOP-O7P10JS3" name="frameworkImplemention.SignupPageTestwithTestNG" tests="1" failures="0" timestamp="2 Nov 2021 20:15:08 GMT" time="21.377" errors="0">
  <testcase name="Teststep1" time="21.377" classname="frameworkImplemention.SignupPageTestwithTestNG"/>
</testsuite> <!-- frameworkImplemention.SignupPageTestwithTestNG -->
